9/3/2018 5:02:24 PM, Info: Initializing SIMPLSharp Services...
9/3/2018 5:02:24 PM, Info: ProjectInfo successfully initialized.
9/3/2018 5:26:57 PM, Info: Validating assembly C:\Users\alaiacano\Documents\Visual Studio 2008\Projects\ConsumeJson\ConsumeJson\bin\Debug\ConsumeJson.dll...
9/3/2018 5:26:57 PM, Info: Verifying assembly C:\Users\alaiacano\Documents\Visual Studio 2008\Projects\ConsumeJson\ConsumeJson\bin\Debug\ConsumeJson.dll
9/3/2018 5:26:58 PM, Info: Creating Archive C:\Users\alaiacano\Documents\Visual Studio 2008\Projects\ConsumeJson\ConsumeJson\bin\Debug\ConsumeJson.clz...
9/3/2018 5:26:58 PM, Info: Saving project information...
9/3/2018 5:44:08 PM, Info: Validating assembly C:\Users\alaiacano\Documents\Visual Studio 2008\Projects\ConsumeJson\ConsumeJson\bin\Debug\ConsumeJson.dll...
9/3/2018 5:44:08 PM, Info: Verifying assembly C:\Users\alaiacano\Documents\Visual Studio 2008\Projects\ConsumeJson\ConsumeJson\bin\Debug\ConsumeJson.dll
9/3/2018 5:44:08 PM, Info: Creating Archive C:\Users\alaiacano\Documents\Visual Studio 2008\Projects\ConsumeJson\ConsumeJson\bin\Debug\ConsumeJson.clz...
9/3/2018 5:44:08 PM, Info: Saving project information...
9/3/2018 6:52:07 PM, Info: Validating assembly C:\Users\alaiacano\Documents\Visual Studio 2008\Projects\ConsumeJson\ConsumeJson\bin\Debug\ConsumeJson.dll...
9/3/2018 6:52:08 PM, Info: Verifying assembly C:\Users\alaiacano\Documents\Visual Studio 2008\Projects\ConsumeJson\ConsumeJson\bin\Debug\ConsumeJson.dll
9/3/2018 6:52:08 PM, Info: Creating Archive C:\Users\alaiacano\Documents\Visual Studio 2008\Projects\ConsumeJson\ConsumeJson\bin\Debug\ConsumeJson.clz...
9/3/2018 6:52:08 PM, Info: Saving project information...
9/3/2018 6:52:11 PM, Info: Validating assembly C:\Users\alaiacano\Documents\Visual Studio 2008\Projects\ConsumeJson\ConsumeJson\bin\Debug\ConsumeJson.dll...
9/3/2018 6:52:12 PM, Info: Verifying assembly C:\Users\alaiacano\Documents\Visual Studio 2008\Projects\ConsumeJson\ConsumeJson\bin\Debug\ConsumeJson.dll
9/3/2018 6:52:12 PM, Info: Creating Archive C:\Users\alaiacano\Documents\Visual Studio 2008\Projects\ConsumeJson\ConsumeJson\bin\Debug\ConsumeJson.clz...
9/3/2018 6:52:12 PM, Info: Saving project information...
9/3/2018 7:06:21 PM, Info: Validating assembly C:\Users\alaiacano\Documents\Visual Studio 2008\Projects\ConsumeJson\ConsumeJson\bin\Debug\ConsumeJson.dll...
9/3/2018 7:06:21 PM, Info: Verifying assembly C:\Users\alaiacano\Documents\Visual Studio 2008\Projects\ConsumeJson\ConsumeJson\bin\Debug\ConsumeJson.dll
9/3/2018 7:06:22 PM, Info: Creating Archive C:\Users\alaiacano\Documents\Visual Studio 2008\Projects\ConsumeJson\ConsumeJson\bin\Debug\ConsumeJson.clz...
9/3/2018 7:06:22 PM, Info: Saving project information...
9/3/2018 7:34:58 PM, Info: Validating assembly C:\Users\alaiacano\Documents\Visual Studio 2008\Projects\ConsumeJson\ConsumeJson\bin\Debug\ConsumeJson.dll...
9/3/2018 7:34:58 PM, Info: Verifying assembly C:\Users\alaiacano\Documents\Visual Studio 2008\Projects\ConsumeJson\ConsumeJson\bin\Debug\ConsumeJson.dll
9/3/2018 7:34:58 PM, Info: Creating Archive C:\Users\alaiacano\Documents\Visual Studio 2008\Projects\ConsumeJson\ConsumeJson\bin\Debug\ConsumeJson.clz...
9/3/2018 7:34:58 PM, Info: Saving project information...
9/3/2018 7:48:55 PM, Info: Validating assembly C:\Users\alaiacano\Documents\Visual Studio 2008\Projects\ConsumeJson\ConsumeJson\bin\Debug\ConsumeJson.dll...
9/3/2018 7:48:55 PM, Info: Verifying assembly C:\Users\alaiacano\Documents\Visual Studio 2008\Projects\ConsumeJson\ConsumeJson\bin\Debug\ConsumeJson.dll
9/3/2018 7:48:55 PM, Info: Creating Archive C:\Users\alaiacano\Documents\Visual Studio 2008\Projects\ConsumeJson\ConsumeJson\bin\Debug\ConsumeJson.clz...
9/3/2018 7:48:55 PM, Info: Saving project information...
9/3/2018 7:55:20 PM, Info: Validating assembly C:\Users\alaiacano\Documents\Visual Studio 2008\Projects\ConsumeJson\ConsumeJson\bin\Debug\ConsumeJson.dll...
9/3/2018 7:55:20 PM, Info: Verifying assembly C:\Users\alaiacano\Documents\Visual Studio 2008\Projects\ConsumeJson\ConsumeJson\bin\Debug\ConsumeJson.dll
9/3/2018 7:55:20 PM, Info: Creating Archive C:\Users\alaiacano\Documents\Visual Studio 2008\Projects\ConsumeJson\ConsumeJson\bin\Debug\ConsumeJson.clz...
9/3/2018 7:55:20 PM, Info: Saving project information...
9/3/2018 8:19:05 PM, Info: Validating assembly C:\Users\alaiacano\Documents\Visual Studio 2008\Projects\ConsumeJson\ConsumeJson\bin\Debug\ConsumeJson.dll...
9/3/2018 8:19:05 PM, Info: Verifying assembly C:\Users\alaiacano\Documents\Visual Studio 2008\Projects\ConsumeJson\ConsumeJson\bin\Debug\ConsumeJson.dll
9/3/2018 8:19:05 PM, Info: Creating Archive C:\Users\alaiacano\Documents\Visual Studio 2008\Projects\ConsumeJson\ConsumeJson\bin\Debug\ConsumeJson.clz...
9/3/2018 8:19:06 PM, Info: Saving project information...
9/3/2018 8:55:21 PM, Info: Validating assembly C:\Users\alaiacano\Documents\Visual Studio 2008\Projects\ConsumeJson\ConsumeJson\bin\Debug\ConsumeJson.dll...
9/3/2018 8:55:21 PM, Info: Verifying assembly C:\Users\alaiacano\Documents\Visual Studio 2008\Projects\ConsumeJson\ConsumeJson\bin\Debug\ConsumeJson.dll
9/3/2018 8:55:21 PM, Info: Creating Archive C:\Users\alaiacano\Documents\Visual Studio 2008\Projects\ConsumeJson\ConsumeJson\bin\Debug\ConsumeJson.clz...
9/3/2018 8:55:21 PM, Info: Saving project information...
9/3/2018 9:54:21 PM, Info: Validating assembly C:\Users\alaiacano\Documents\Visual Studio 2008\Projects\ConsumeJson\ConsumeJson\bin\Debug\ConsumeJson.dll...
9/3/2018 9:54:21 PM, Info: Verifying assembly C:\Users\alaiacano\Documents\Visual Studio 2008\Projects\ConsumeJson\ConsumeJson\bin\Debug\ConsumeJson.dll
9/3/2018 9:54:21 PM, Info: Creating Archive C:\Users\alaiacano\Documents\Visual Studio 2008\Projects\ConsumeJson\ConsumeJson\bin\Debug\ConsumeJson.clz...
9/3/2018 9:54:22 PM, Info: Saving project information...
9/3/2018 10:14:27 PM, Info: Validating assembly C:\Users\alaiacano\Documents\Visual Studio 2008\Projects\ConsumeJson\ConsumeJson\bin\Debug\ConsumeJson.dll...
9/3/2018 10:14:27 PM, Info: Verifying assembly C:\Users\alaiacano\Documents\Visual Studio 2008\Projects\ConsumeJson\ConsumeJson\bin\Debug\ConsumeJson.dll
9/3/2018 10:14:27 PM, Info: Creating Archive C:\Users\alaiacano\Documents\Visual Studio 2008\Projects\ConsumeJson\ConsumeJson\bin\Debug\ConsumeJson.clz...
9/3/2018 10:14:28 PM, Info: Saving project information...
9/3/2018 10:38:23 PM, Info: Terminating SIMPLSharp Services
