9/7/2018 7:57:20 AM, Info: Initializing SIMPLSharp Services...
9/7/2018 7:57:21 AM, Info: ProjectInfo successfully initialized.
9/7/2018 9:42:27 AM, Info: Validating assembly C:\Users\alaiacano\Documents\Visual Studio 2008\Projects\ConsumeJson\ConsumeJson\bin\Debug\ConsumeJson.dll...
9/7/2018 9:42:28 AM, Info: Verifying assembly C:\Users\alaiacano\Documents\Visual Studio 2008\Projects\ConsumeJson\ConsumeJson\bin\Debug\ConsumeJson.dll
9/7/2018 9:42:29 AM, Info: Creating Archive C:\Users\alaiacano\Documents\Visual Studio 2008\Projects\ConsumeJson\ConsumeJson\bin\Debug\ConsumeJson.clz...
9/7/2018 9:42:29 AM, Info: Saving project information...
9/7/2018 9:48:09 AM, Info: Validating assembly C:\Users\alaiacano\Documents\Visual Studio 2008\Projects\ConsumeJson\ConsumeJson\bin\Debug\ConsumeJson.dll...
9/7/2018 9:48:10 AM, Info: Verifying assembly C:\Users\alaiacano\Documents\Visual Studio 2008\Projects\ConsumeJson\ConsumeJson\bin\Debug\ConsumeJson.dll
9/7/2018 9:48:10 AM, Info: Creating Archive C:\Users\alaiacano\Documents\Visual Studio 2008\Projects\ConsumeJson\ConsumeJson\bin\Debug\ConsumeJson.clz...
9/7/2018 9:48:10 AM, Info: Saving project information...
9/7/2018 1:22:33 PM, Info: Validating assembly C:\Users\alaiacano\Documents\Visual Studio 2008\Projects\ConsumeJson\ConsumeJson\bin\Debug\ConsumeJson.dll...
9/7/2018 1:22:33 PM, Info: Verifying assembly C:\Users\alaiacano\Documents\Visual Studio 2008\Projects\ConsumeJson\ConsumeJson\bin\Debug\ConsumeJson.dll
9/7/2018 1:22:33 PM, Info: Creating Archive C:\Users\alaiacano\Documents\Visual Studio 2008\Projects\ConsumeJson\ConsumeJson\bin\Debug\ConsumeJson.clz...
9/7/2018 1:22:34 PM, Info: Saving project information...
9/7/2018 1:23:40 PM, Info: Validating assembly C:\Users\alaiacano\Documents\Visual Studio 2008\Projects\ConsumeJson\ConsumeJson\bin\Debug\ConsumeJson.dll...
9/7/2018 1:23:40 PM, Info: Verifying assembly C:\Users\alaiacano\Documents\Visual Studio 2008\Projects\ConsumeJson\ConsumeJson\bin\Debug\ConsumeJson.dll
9/7/2018 1:23:41 PM, Info: Creating Archive C:\Users\alaiacano\Documents\Visual Studio 2008\Projects\ConsumeJson\ConsumeJson\bin\Debug\ConsumeJson.clz...
9/7/2018 1:23:41 PM, Info: Saving project information...
9/7/2018 3:50:46 PM, Info: Validating assembly C:\Users\alaiacano\Documents\Visual Studio 2008\Projects\ConsumeJson\ConsumeJson\bin\Debug\ConsumeJson.dll...
9/7/2018 3:50:46 PM, Info: Verifying assembly C:\Users\alaiacano\Documents\Visual Studio 2008\Projects\ConsumeJson\ConsumeJson\bin\Debug\ConsumeJson.dll
9/7/2018 3:50:46 PM, Info: Creating Archive C:\Users\alaiacano\Documents\Visual Studio 2008\Projects\ConsumeJson\ConsumeJson\bin\Debug\ConsumeJson.clz...
9/7/2018 3:50:46 PM, Info: Saving project information...
9/7/2018 4:10:02 PM, Info: Validating assembly C:\Users\alaiacano\Documents\Visual Studio 2008\Projects\ConsumeJson\ConsumeJson\bin\Debug\ConsumeJson.dll...
9/7/2018 4:10:02 PM, Info: Verifying assembly C:\Users\alaiacano\Documents\Visual Studio 2008\Projects\ConsumeJson\ConsumeJson\bin\Debug\ConsumeJson.dll
9/7/2018 4:10:02 PM, Info: Creating Archive C:\Users\alaiacano\Documents\Visual Studio 2008\Projects\ConsumeJson\ConsumeJson\bin\Debug\ConsumeJson.clz...
9/7/2018 4:10:03 PM, Info: Saving project information...
9/7/2018 5:02:34 PM, Info: Validating assembly C:\Users\alaiacano\Documents\Visual Studio 2008\Projects\ConsumeJson\ConsumeJson\bin\Debug\ConsumeJson.dll...
9/7/2018 5:02:34 PM, Info: Verifying assembly C:\Users\alaiacano\Documents\Visual Studio 2008\Projects\ConsumeJson\ConsumeJson\bin\Debug\ConsumeJson.dll
9/7/2018 5:02:34 PM, Info: Creating Archive C:\Users\alaiacano\Documents\Visual Studio 2008\Projects\ConsumeJson\ConsumeJson\bin\Debug\ConsumeJson.clz...
9/7/2018 5:02:34 PM, Info: Saving project information...
9/10/2018 11:11:12 PM, Info: Terminating SIMPLSharp Services
