8/14/2018 10:10:38 PM, Info: Initializing SIMPLSharp Services...
8/14/2018 10:10:39 PM, Info: ProjectInfo successfully initialized.
8/14/2018 10:30:28 PM, Info: Saving project information...
8/14/2018 10:30:28 PM, Info: Saving project information...
8/14/2018 10:30:28 PM, Info: Saving project information...
8/14/2018 10:35:28 PM, Info: Saving project information...
8/14/2018 10:35:28 PM, Info: Saving project information...
8/14/2018 10:35:28 PM, Info: Saving project information...
8/14/2018 10:40:28 PM, Info: Saving project information...
8/14/2018 10:40:28 PM, Info: Saving project information...
8/14/2018 10:40:28 PM, Info: Saving project information...
8/14/2018 10:45:28 PM, Info: Saving project information...
8/14/2018 10:45:28 PM, Info: Saving project information...
8/14/2018 10:45:28 PM, Info: Saving project information...
8/14/2018 10:50:28 PM, Info: Saving project information...
8/14/2018 10:50:28 PM, Info: Saving project information...
8/14/2018 10:50:28 PM, Info: Saving project information...
8/14/2018 10:53:43 PM, Info: Saving project information...
8/14/2018 10:53:43 PM, Info: Saving project information...
8/14/2018 10:53:43 PM, Info: Saving project information...
8/14/2018 10:53:43 PM, Info: Saving project information...
8/14/2018 10:53:43 PM, Info: Saving project information...
8/14/2018 10:53:43 PM, Info: Saving project information...
8/15/2018 8:16:48 PM, Info: Validating assembly C:\Users\alaiacano\Documents\Visual Studio 2008\Projects\ConsumeJson\ConsumeJson\bin\Debug\ConsumeJson.dll...
8/15/2018 8:16:48 PM, Info: Verifying assembly C:\Users\alaiacano\Documents\Visual Studio 2008\Projects\ConsumeJson\ConsumeJson\bin\Debug\ConsumeJson.dll
8/15/2018 8:16:48 PM, Info: Creating Archive C:\Users\alaiacano\Documents\Visual Studio 2008\Projects\ConsumeJson\ConsumeJson\bin\Debug\ConsumeJson.clz...
8/15/2018 8:16:49 PM, Info: Saving project information...
8/15/2018 8:36:30 PM, Info: Validating assembly C:\Users\alaiacano\Documents\Visual Studio 2008\Projects\ConsumeJson\ConsumeJson\bin\Debug\ConsumeJson.dll...
8/15/2018 8:36:30 PM, Info: Verifying assembly C:\Users\alaiacano\Documents\Visual Studio 2008\Projects\ConsumeJson\ConsumeJson\bin\Debug\ConsumeJson.dll
8/15/2018 8:36:30 PM, Info: Creating Archive C:\Users\alaiacano\Documents\Visual Studio 2008\Projects\ConsumeJson\ConsumeJson\bin\Debug\ConsumeJson.clz...
8/15/2018 8:36:30 PM, Info: Saving project information...
8/16/2018 8:30:39 AM, Info: Terminating SIMPLSharp Services
