8/10/2018 9:43:44 AM, Info: Initializing SIMPLSharp Services...
8/10/2018 9:43:45 AM, Info: ProjectInfo successfully initialized.
8/10/2018 9:43:47 AM, Info: Saving project information...
8/10/2018 9:43:47 AM, Info: Saving project information...
8/10/2018 9:43:47 AM, Info: Saving project information...
8/10/2018 9:43:47 AM, Info: Saving project information...
8/10/2018 9:43:47 AM, Info: Saving project information...
8/10/2018 9:43:47 AM, Info: Saving project information...
8/10/2018 9:53:09 AM, Info: Saving project information...
8/10/2018 9:53:09 AM, Info: Saving project information...
8/10/2018 9:53:09 AM, Info: Saving project information...
8/10/2018 9:58:09 AM, Info: Saving project information...
8/10/2018 9:58:09 AM, Info: Saving project information...
8/10/2018 9:58:09 AM, Info: Saving project information...
8/10/2018 10:03:09 AM, Info: Saving project information...
8/10/2018 10:03:09 AM, Info: Saving project information...
8/10/2018 10:03:09 AM, Info: Saving project information...
8/10/2018 10:08:09 AM, Info: Saving project information...
8/10/2018 10:08:09 AM, Info: Saving project information...
8/10/2018 10:08:09 AM, Info: Saving project information...
8/10/2018 10:13:09 AM, Info: Saving project information...
8/10/2018 10:13:09 AM, Info: Saving project information...
8/10/2018 10:13:09 AM, Info: Saving project information...
8/10/2018 10:18:09 AM, Info: Saving project information...
8/10/2018 10:18:09 AM, Info: Saving project information...
8/10/2018 10:18:09 AM, Info: Saving project information...
8/10/2018 10:23:09 AM, Info: Saving project information...
8/10/2018 10:23:09 AM, Info: Saving project information...
8/10/2018 10:23:09 AM, Info: Saving project information...
8/10/2018 10:24:46 AM, Info: Saving project information...
8/10/2018 10:24:46 AM, Info: Saving project information...
8/10/2018 10:24:46 AM, Info: Saving project information...
8/10/2018 10:24:46 AM, Info: Saving project information...
8/10/2018 10:24:46 AM, Info: Saving project information...
8/10/2018 10:24:46 AM, Info: Saving project information...
8/10/2018 10:44:58 AM, Info: Validating assembly C:\Users\alaiacano\Documents\Visual Studio 2008\Projects\ConsumeJson\ConsumeJson\bin\Debug\ConsumeJson.dll...
8/10/2018 10:44:59 AM, Info: Verifying assembly C:\Users\alaiacano\Documents\Visual Studio 2008\Projects\ConsumeJson\ConsumeJson\bin\Debug\ConsumeJson.dll
8/10/2018 10:44:59 AM, Info: Creating Archive C:\Users\alaiacano\Documents\Visual Studio 2008\Projects\ConsumeJson\ConsumeJson\bin\Debug\ConsumeJson.clz...
8/10/2018 10:44:59 AM, Info: Saving project information...
8/10/2018 10:46:01 AM, Info: Validating assembly C:\Users\alaiacano\Documents\Visual Studio 2008\Projects\ConsumeJson\ConsumeJson\bin\Debug\ConsumeJson.dll...
8/10/2018 10:46:02 AM, Info: Verifying assembly C:\Users\alaiacano\Documents\Visual Studio 2008\Projects\ConsumeJson\ConsumeJson\bin\Debug\ConsumeJson.dll
8/10/2018 10:46:02 AM, Info: Creating Archive C:\Users\alaiacano\Documents\Visual Studio 2008\Projects\ConsumeJson\ConsumeJson\bin\Debug\ConsumeJson.clz...
8/10/2018 10:46:02 AM, Info: Saving project information...
8/10/2018 11:22:13 AM, Info: Validating assembly C:\Users\alaiacano\Documents\Visual Studio 2008\Projects\ConsumeJson\ConsumeJson\bin\Debug\ConsumeJson.dll...
8/10/2018 11:22:13 AM, Info: Verifying assembly C:\Users\alaiacano\Documents\Visual Studio 2008\Projects\ConsumeJson\ConsumeJson\bin\Debug\ConsumeJson.dll
8/10/2018 11:22:13 AM, Info: Creating Archive C:\Users\alaiacano\Documents\Visual Studio 2008\Projects\ConsumeJson\ConsumeJson\bin\Debug\ConsumeJson.clz...
8/10/2018 11:22:14 AM, Info: Saving project information...
8/10/2018 11:43:26 AM, Info: Validating assembly C:\Users\alaiacano\Documents\Visual Studio 2008\Projects\ConsumeJson\ConsumeJson\bin\Debug\ConsumeJson.dll...
8/10/2018 11:43:26 AM, Info: Verifying assembly C:\Users\alaiacano\Documents\Visual Studio 2008\Projects\ConsumeJson\ConsumeJson\bin\Debug\ConsumeJson.dll
8/10/2018 11:43:26 AM, Info: Creating Archive C:\Users\alaiacano\Documents\Visual Studio 2008\Projects\ConsumeJson\ConsumeJson\bin\Debug\ConsumeJson.clz...
8/10/2018 11:43:26 AM, Info: Saving project information...
8/10/2018 11:44:00 AM, Info: Validating assembly C:\Users\alaiacano\Documents\Visual Studio 2008\Projects\ConsumeJson\ConsumeJson\bin\Debug\ConsumeJson.dll...
8/10/2018 11:44:00 AM, Info: Verifying assembly C:\Users\alaiacano\Documents\Visual Studio 2008\Projects\ConsumeJson\ConsumeJson\bin\Debug\ConsumeJson.dll
8/10/2018 11:44:00 AM, Info: Creating Archive C:\Users\alaiacano\Documents\Visual Studio 2008\Projects\ConsumeJson\ConsumeJson\bin\Debug\ConsumeJson.clz...
8/10/2018 11:44:00 AM, Info: Saving project information...
8/10/2018 11:50:50 AM, Info: Validating assembly C:\Users\alaiacano\Documents\Visual Studio 2008\Projects\ConsumeJson\ConsumeJson\bin\Debug\ConsumeJson.dll...
8/10/2018 11:50:50 AM, Info: Verifying assembly C:\Users\alaiacano\Documents\Visual Studio 2008\Projects\ConsumeJson\ConsumeJson\bin\Debug\ConsumeJson.dll
8/10/2018 11:50:50 AM, Info: Creating Archive C:\Users\alaiacano\Documents\Visual Studio 2008\Projects\ConsumeJson\ConsumeJson\bin\Debug\ConsumeJson.clz...
8/10/2018 11:50:50 AM, Info: Saving project information...
8/10/2018 12:18:09 PM, Info: Saving project information...
8/10/2018 12:18:09 PM, Info: Saving project information...
8/10/2018 12:18:09 PM, Info: Saving project information...
8/10/2018 12:28:33 PM, Info: Saving project information...
8/10/2018 12:28:33 PM, Info: Saving project information...
8/10/2018 12:28:33 PM, Info: Saving project information...
8/10/2018 12:33:27 PM, Info: Saving project information...
8/10/2018 12:33:27 PM, Info: Saving project information...
8/10/2018 12:33:27 PM, Info: Saving project information...
8/10/2018 12:38:27 PM, Info: Saving project information...
8/10/2018 12:38:27 PM, Info: Saving project information...
8/10/2018 12:38:27 PM, Info: Saving project information...
8/10/2018 12:43:27 PM, Info: Saving project information...
8/10/2018 12:43:27 PM, Info: Saving project information...
8/10/2018 12:43:27 PM, Info: Saving project information...
8/10/2018 12:48:27 PM, Info: Saving project information...
8/10/2018 12:48:27 PM, Info: Saving project information...
8/10/2018 12:48:27 PM, Info: Saving project information...
8/10/2018 12:48:53 PM, Info: Saving project information...
8/10/2018 12:48:53 PM, Info: Saving project information...
8/10/2018 12:48:53 PM, Info: Saving project information...
8/10/2018 12:48:53 PM, Info: Saving project information...
8/10/2018 12:48:53 PM, Info: Saving project information...
8/10/2018 12:48:53 PM, Info: Saving project information...
8/10/2018 12:49:48 PM, Info: Validating assembly C:\Users\alaiacano\Documents\Visual Studio 2008\Projects\ConsumeJson\ConsumeJson\bin\Debug\ConsumeJson.dll...
8/10/2018 12:49:48 PM, Info: Verifying assembly C:\Users\alaiacano\Documents\Visual Studio 2008\Projects\ConsumeJson\ConsumeJson\bin\Debug\ConsumeJson.dll
8/10/2018 12:49:48 PM, Info: Creating Archive C:\Users\alaiacano\Documents\Visual Studio 2008\Projects\ConsumeJson\ConsumeJson\bin\Debug\ConsumeJson.clz...
8/10/2018 12:49:49 PM, Info: Saving project information...
8/10/2018 12:50:27 PM, Info: Validating assembly C:\Users\alaiacano\Documents\Visual Studio 2008\Projects\ConsumeJson\ConsumeJson\bin\Debug\ConsumeJson.dll...
8/10/2018 12:50:27 PM, Info: Verifying assembly C:\Users\alaiacano\Documents\Visual Studio 2008\Projects\ConsumeJson\ConsumeJson\bin\Debug\ConsumeJson.dll
8/10/2018 12:50:27 PM, Info: Creating Archive C:\Users\alaiacano\Documents\Visual Studio 2008\Projects\ConsumeJson\ConsumeJson\bin\Debug\ConsumeJson.clz...
8/10/2018 12:50:27 PM, Info: Saving project information...
8/10/2018 12:58:27 PM, Info: Saving project information...
8/10/2018 12:58:27 PM, Info: Saving project information...
8/10/2018 12:58:27 PM, Info: Saving project information...
8/10/2018 1:01:00 PM, Info: Saving project information...
8/10/2018 1:01:00 PM, Info: Saving project information...
8/10/2018 1:01:00 PM, Info: Saving project information...
8/10/2018 1:01:00 PM, Info: Saving project information...
8/10/2018 1:01:00 PM, Info: Saving project information...
8/10/2018 1:01:00 PM, Info: Saving project information...
8/10/2018 1:01:01 PM, Info: Validating assembly C:\Users\alaiacano\Documents\Visual Studio 2008\Projects\ConsumeJson\ConsumeJson\bin\Debug\ConsumeJson.dll...
8/10/2018 1:01:01 PM, Info: Verifying assembly C:\Users\alaiacano\Documents\Visual Studio 2008\Projects\ConsumeJson\ConsumeJson\bin\Debug\ConsumeJson.dll
8/10/2018 1:01:01 PM, Info: Creating Archive C:\Users\alaiacano\Documents\Visual Studio 2008\Projects\ConsumeJson\ConsumeJson\bin\Debug\ConsumeJson.clz...
8/10/2018 1:01:01 PM, Info: Saving project information...
8/10/2018 1:01:49 PM, Info: Validating assembly C:\Users\alaiacano\Documents\Visual Studio 2008\Projects\ConsumeJson\ConsumeJson\bin\Debug\ConsumeJson.dll...
8/10/2018 1:01:49 PM, Info: Verifying assembly C:\Users\alaiacano\Documents\Visual Studio 2008\Projects\ConsumeJson\ConsumeJson\bin\Debug\ConsumeJson.dll
8/10/2018 1:01:49 PM, Info: Creating Archive C:\Users\alaiacano\Documents\Visual Studio 2008\Projects\ConsumeJson\ConsumeJson\bin\Debug\ConsumeJson.clz...
8/10/2018 1:01:50 PM, Info: Saving project information...
8/10/2018 1:21:00 PM, Info: Validating assembly C:\Users\alaiacano\Documents\Visual Studio 2008\Projects\ConsumeJson\ConsumeJson\bin\Debug\ConsumeJson.dll...
8/10/2018 1:21:00 PM, Info: Verifying assembly C:\Users\alaiacano\Documents\Visual Studio 2008\Projects\ConsumeJson\ConsumeJson\bin\Debug\ConsumeJson.dll
8/10/2018 1:21:00 PM, Info: Creating Archive C:\Users\alaiacano\Documents\Visual Studio 2008\Projects\ConsumeJson\ConsumeJson\bin\Debug\ConsumeJson.clz...
8/10/2018 1:21:00 PM, Info: Saving project information...
8/10/2018 1:21:41 PM, Info: Validating assembly C:\Users\alaiacano\Documents\Visual Studio 2008\Projects\ConsumeJson\ConsumeJson\bin\Debug\ConsumeJson.dll...
8/10/2018 1:21:41 PM, Info: Verifying assembly C:\Users\alaiacano\Documents\Visual Studio 2008\Projects\ConsumeJson\ConsumeJson\bin\Debug\ConsumeJson.dll
8/10/2018 1:21:41 PM, Info: Creating Archive C:\Users\alaiacano\Documents\Visual Studio 2008\Projects\ConsumeJson\ConsumeJson\bin\Debug\ConsumeJson.clz...
8/10/2018 1:21:41 PM, Info: Saving project information...
8/10/2018 1:25:58 PM, Info: Validating assembly C:\Users\alaiacano\Documents\Visual Studio 2008\Projects\ConsumeJson\ConsumeJson\bin\Debug\ConsumeJson.dll...
8/10/2018 1:25:58 PM, Info: Verifying assembly C:\Users\alaiacano\Documents\Visual Studio 2008\Projects\ConsumeJson\ConsumeJson\bin\Debug\ConsumeJson.dll
8/10/2018 1:25:58 PM, Info: Creating Archive C:\Users\alaiacano\Documents\Visual Studio 2008\Projects\ConsumeJson\ConsumeJson\bin\Debug\ConsumeJson.clz...
8/10/2018 1:25:58 PM, Info: Saving project information...
8/10/2018 1:26:31 PM, Info: Validating assembly C:\Users\alaiacano\Documents\Visual Studio 2008\Projects\ConsumeJson\ConsumeJson\bin\Debug\ConsumeJson.dll...
8/10/2018 1:26:32 PM, Info: Verifying assembly C:\Users\alaiacano\Documents\Visual Studio 2008\Projects\ConsumeJson\ConsumeJson\bin\Debug\ConsumeJson.dll
8/10/2018 1:26:32 PM, Info: Creating Archive C:\Users\alaiacano\Documents\Visual Studio 2008\Projects\ConsumeJson\ConsumeJson\bin\Debug\ConsumeJson.clz...
8/10/2018 1:26:32 PM, Info: Saving project information...
8/10/2018 1:32:35 PM, Info: Validating assembly C:\Users\alaiacano\Documents\Visual Studio 2008\Projects\ConsumeJson\ConsumeJson\bin\Debug\ConsumeJson.dll...
8/10/2018 1:32:35 PM, Info: Verifying assembly C:\Users\alaiacano\Documents\Visual Studio 2008\Projects\ConsumeJson\ConsumeJson\bin\Debug\ConsumeJson.dll
8/10/2018 1:32:35 PM, Info: Creating Archive C:\Users\alaiacano\Documents\Visual Studio 2008\Projects\ConsumeJson\ConsumeJson\bin\Debug\ConsumeJson.clz...
8/10/2018 1:32:36 PM, Info: Saving project information...
8/10/2018 1:35:38 PM, Info: Validating assembly C:\Users\alaiacano\Documents\Visual Studio 2008\Projects\ConsumeJson\ConsumeJson\bin\Debug\ConsumeJson.dll...
8/10/2018 1:35:38 PM, Info: Verifying assembly C:\Users\alaiacano\Documents\Visual Studio 2008\Projects\ConsumeJson\ConsumeJson\bin\Debug\ConsumeJson.dll
8/10/2018 1:35:39 PM, Info: Creating Archive C:\Users\alaiacano\Documents\Visual Studio 2008\Projects\ConsumeJson\ConsumeJson\bin\Debug\ConsumeJson.clz...
8/10/2018 1:35:39 PM, Info: Saving project information...
8/10/2018 1:49:51 PM, Info: Validating assembly C:\Users\alaiacano\Documents\Visual Studio 2008\Projects\ConsumeJson\ConsumeJson\bin\Debug\ConsumeJson.dll...
8/10/2018 1:49:51 PM, Info: Verifying assembly C:\Users\alaiacano\Documents\Visual Studio 2008\Projects\ConsumeJson\ConsumeJson\bin\Debug\ConsumeJson.dll
8/10/2018 1:49:51 PM, Info: Creating Archive C:\Users\alaiacano\Documents\Visual Studio 2008\Projects\ConsumeJson\ConsumeJson\bin\Debug\ConsumeJson.clz...
8/10/2018 1:49:51 PM, Info: Saving project information...
8/10/2018 1:53:13 PM, Info: Validating assembly C:\Users\alaiacano\Documents\Visual Studio 2008\Projects\ConsumeJson\ConsumeJson\bin\Debug\ConsumeJson.dll...
8/10/2018 1:53:13 PM, Info: Verifying assembly C:\Users\alaiacano\Documents\Visual Studio 2008\Projects\ConsumeJson\ConsumeJson\bin\Debug\ConsumeJson.dll
8/10/2018 1:53:13 PM, Info: Creating Archive C:\Users\alaiacano\Documents\Visual Studio 2008\Projects\ConsumeJson\ConsumeJson\bin\Debug\ConsumeJson.clz...
8/10/2018 1:53:13 PM, Info: Saving project information...
8/10/2018 1:55:39 PM, Info: Validating assembly C:\Users\alaiacano\Documents\Visual Studio 2008\Projects\ConsumeJson\ConsumeJson\bin\Debug\ConsumeJson.dll...
8/10/2018 1:55:39 PM, Info: Verifying assembly C:\Users\alaiacano\Documents\Visual Studio 2008\Projects\ConsumeJson\ConsumeJson\bin\Debug\ConsumeJson.dll
8/10/2018 1:55:39 PM, Info: Creating Archive C:\Users\alaiacano\Documents\Visual Studio 2008\Projects\ConsumeJson\ConsumeJson\bin\Debug\ConsumeJson.clz...
8/10/2018 1:55:39 PM, Info: Saving project information...
8/10/2018 2:13:11 PM, Info: Validating assembly C:\Users\alaiacano\Documents\Visual Studio 2008\Projects\ConsumeJson\ConsumeJson\bin\Debug\ConsumeJson.dll...
8/10/2018 2:13:11 PM, Info: Verifying assembly C:\Users\alaiacano\Documents\Visual Studio 2008\Projects\ConsumeJson\ConsumeJson\bin\Debug\ConsumeJson.dll
8/10/2018 2:13:11 PM, Info: Creating Archive C:\Users\alaiacano\Documents\Visual Studio 2008\Projects\ConsumeJson\ConsumeJson\bin\Debug\ConsumeJson.clz...
8/10/2018 2:13:11 PM, Info: Saving project information...
8/10/2018 2:23:12 PM, Info: Validating assembly C:\Users\alaiacano\Documents\Visual Studio 2008\Projects\ConsumeJson\ConsumeJson\bin\Debug\ConsumeJson.dll...
8/10/2018 2:23:12 PM, Info: Verifying assembly C:\Users\alaiacano\Documents\Visual Studio 2008\Projects\ConsumeJson\ConsumeJson\bin\Debug\ConsumeJson.dll
8/10/2018 2:23:12 PM, Info: Creating Archive C:\Users\alaiacano\Documents\Visual Studio 2008\Projects\ConsumeJson\ConsumeJson\bin\Debug\ConsumeJson.clz...
8/10/2018 2:23:12 PM, Info: Saving project information...
8/10/2018 2:24:15 PM, Info: Validating assembly C:\Users\alaiacano\Documents\Visual Studio 2008\Projects\ConsumeJson\ConsumeJson\bin\Debug\ConsumeJson.dll...
8/10/2018 2:24:15 PM, Info: Verifying assembly C:\Users\alaiacano\Documents\Visual Studio 2008\Projects\ConsumeJson\ConsumeJson\bin\Debug\ConsumeJson.dll
8/10/2018 2:24:15 PM, Info: Creating Archive C:\Users\alaiacano\Documents\Visual Studio 2008\Projects\ConsumeJson\ConsumeJson\bin\Debug\ConsumeJson.clz...
8/10/2018 2:24:15 PM, Info: Saving project information...
8/10/2018 2:29:34 PM, Info: Validating assembly C:\Users\alaiacano\Documents\Visual Studio 2008\Projects\ConsumeJson\ConsumeJson\bin\Debug\ConsumeJson.dll...
8/10/2018 2:29:34 PM, Info: Verifying assembly C:\Users\alaiacano\Documents\Visual Studio 2008\Projects\ConsumeJson\ConsumeJson\bin\Debug\ConsumeJson.dll
8/10/2018 2:29:34 PM, Info: Creating Archive C:\Users\alaiacano\Documents\Visual Studio 2008\Projects\ConsumeJson\ConsumeJson\bin\Debug\ConsumeJson.clz...
8/10/2018 2:29:34 PM, Info: Saving project information...
8/10/2018 3:31:36 PM, Info: Validating assembly C:\Users\alaiacano\Documents\Visual Studio 2008\Projects\ConsumeJson\ConsumeJson\bin\Debug\ConsumeJson.dll...
8/10/2018 3:31:36 PM, Info: Verifying assembly C:\Users\alaiacano\Documents\Visual Studio 2008\Projects\ConsumeJson\ConsumeJson\bin\Debug\ConsumeJson.dll
8/10/2018 3:31:36 PM, Info: Creating Archive C:\Users\alaiacano\Documents\Visual Studio 2008\Projects\ConsumeJson\ConsumeJson\bin\Debug\ConsumeJson.clz...
8/10/2018 3:31:37 PM, Info: Saving project information...
8/10/2018 3:31:39 PM, Info: Validating assembly C:\Users\alaiacano\Documents\Visual Studio 2008\Projects\ConsumeJson\ConsumeJson\bin\Debug\ConsumeJson.dll...
8/10/2018 3:31:39 PM, Info: Verifying assembly C:\Users\alaiacano\Documents\Visual Studio 2008\Projects\ConsumeJson\ConsumeJson\bin\Debug\ConsumeJson.dll
8/10/2018 3:31:39 PM, Info: Creating Archive C:\Users\alaiacano\Documents\Visual Studio 2008\Projects\ConsumeJson\ConsumeJson\bin\Debug\ConsumeJson.clz...
8/10/2018 3:31:39 PM, Info: Saving project information...
8/11/2018 7:19:07 AM, Info: Validating assembly C:\Users\alaiacano\Documents\Visual Studio 2008\Projects\ConsumeJson\ConsumeJson\bin\Debug\ConsumeJson.dll...
8/11/2018 7:23:44 AM, Info: Validating assembly C:\Users\alaiacano\Documents\Visual Studio 2008\Projects\ConsumeJson\ConsumeJson\bin\Debug\ConsumeJson.dll...
8/11/2018 7:24:11 AM, Info: Validating assembly C:\Users\alaiacano\Documents\Visual Studio 2008\Projects\ConsumeJson\ConsumeJson\bin\Debug\ConsumeJson.dll...
8/11/2018 7:24:16 AM, Info: Validating assembly C:\Users\alaiacano\Documents\Visual Studio 2008\Projects\ConsumeJson\ConsumeJson\bin\Debug\ConsumeJson.dll...
8/11/2018 8:10:07 AM, Info: Validating assembly C:\Users\alaiacano\Documents\Visual Studio 2008\Projects\ConsumeJson\ConsumeJson\bin\Debug\ConsumeJson.dll...
8/11/2018 9:09:07 AM, Info: Saving project information...
8/11/2018 9:09:07 AM, Info: Saving project information...
8/11/2018 9:09:07 AM, Info: Saving project information...
8/11/2018 9:14:07 AM, Info: Saving project information...
8/11/2018 9:14:07 AM, Info: Saving project information...
8/11/2018 9:14:07 AM, Info: Saving project information...
8/11/2018 9:19:07 AM, Info: Saving project information...
8/11/2018 9:19:07 AM, Info: Saving project information...
8/11/2018 9:19:07 AM, Info: Saving project information...
8/11/2018 9:24:07 AM, Info: Saving project information...
8/11/2018 9:24:07 AM, Info: Saving project information...
8/11/2018 9:24:07 AM, Info: Saving project information...
8/11/2018 9:29:07 AM, Info: Saving project information...
8/11/2018 9:29:07 AM, Info: Saving project information...
8/11/2018 9:29:07 AM, Info: Saving project information...
8/11/2018 9:34:07 AM, Info: Saving project information...
8/11/2018 9:34:07 AM, Info: Saving project information...
8/11/2018 9:34:07 AM, Info: Saving project information...
8/11/2018 9:39:07 AM, Info: Saving project information...
8/11/2018 9:39:07 AM, Info: Saving project information...
8/11/2018 9:39:07 AM, Info: Saving project information...
8/11/2018 9:44:07 AM, Info: Saving project information...
8/11/2018 9:44:07 AM, Info: Saving project information...
8/11/2018 9:44:07 AM, Info: Saving project information...
8/11/2018 9:49:07 AM, Info: Saving project information...
8/11/2018 9:49:07 AM, Info: Saving project information...
8/11/2018 9:49:07 AM, Info: Saving project information...
8/11/2018 9:49:15 AM, Info: Saving project information...
8/11/2018 9:49:15 AM, Info: Saving project information...
8/11/2018 9:49:15 AM, Info: Saving project information...
8/11/2018 9:49:15 AM, Info: Saving project information...
8/11/2018 9:49:15 AM, Info: Saving project information...
8/11/2018 9:49:15 AM, Info: Saving project information...
8/11/2018 9:50:19 AM, Info: Validating assembly C:\Users\alaiacano\Documents\Visual Studio 2008\Projects\ConsumeJson\ConsumeJson\bin\Debug\ConsumeJson.dll...
8/11/2018 9:50:19 AM, Info: Verifying assembly C:\Users\alaiacano\Documents\Visual Studio 2008\Projects\ConsumeJson\ConsumeJson\bin\Debug\ConsumeJson.dll
8/11/2018 9:50:19 AM, Info: Creating Archive C:\Users\alaiacano\Documents\Visual Studio 2008\Projects\ConsumeJson\ConsumeJson\bin\Debug\ConsumeJson.clz...
8/11/2018 9:50:19 AM, Info: Saving project information...
8/11/2018 10:38:22 AM, Info: Validating assembly C:\Users\alaiacano\Documents\Visual Studio 2008\Projects\ConsumeJson\ConsumeJson\bin\Debug\ConsumeJson.dll...
8/11/2018 10:38:22 AM, Info: Verifying assembly C:\Users\alaiacano\Documents\Visual Studio 2008\Projects\ConsumeJson\ConsumeJson\bin\Debug\ConsumeJson.dll
8/11/2018 10:38:22 AM, Info: Creating Archive C:\Users\alaiacano\Documents\Visual Studio 2008\Projects\ConsumeJson\ConsumeJson\bin\Debug\ConsumeJson.clz...
8/11/2018 10:38:22 AM, Info: Saving project information...
8/11/2018 10:40:08 AM, Info: Validating assembly C:\Users\alaiacano\Documents\Visual Studio 2008\Projects\ConsumeJson\ConsumeJson\bin\Debug\ConsumeJson.dll...
8/11/2018 10:40:08 AM, Info: Verifying assembly C:\Users\alaiacano\Documents\Visual Studio 2008\Projects\ConsumeJson\ConsumeJson\bin\Debug\ConsumeJson.dll
8/11/2018 10:40:08 AM, Info: Creating Archive C:\Users\alaiacano\Documents\Visual Studio 2008\Projects\ConsumeJson\ConsumeJson\bin\Debug\ConsumeJson.clz...
8/11/2018 10:40:09 AM, Info: Saving project information...
8/11/2018 10:43:09 AM, Info: Validating assembly C:\Users\alaiacano\Documents\Visual Studio 2008\Projects\ConsumeJson\ConsumeJson\bin\Debug\ConsumeJson.dll...
8/11/2018 10:43:09 AM, Info: Verifying assembly C:\Users\alaiacano\Documents\Visual Studio 2008\Projects\ConsumeJson\ConsumeJson\bin\Debug\ConsumeJson.dll
8/11/2018 10:43:09 AM, Info: Creating Archive C:\Users\alaiacano\Documents\Visual Studio 2008\Projects\ConsumeJson\ConsumeJson\bin\Debug\ConsumeJson.clz...
8/11/2018 10:43:09 AM, Info: Saving project information...
8/11/2018 2:55:57 PM, Info: Validating assembly C:\Users\alaiacano\Documents\Visual Studio 2008\Projects\ConsumeJson\ConsumeJson\bin\Debug\ConsumeJson.dll...
8/11/2018 2:55:57 PM, Info: Verifying assembly C:\Users\alaiacano\Documents\Visual Studio 2008\Projects\ConsumeJson\ConsumeJson\bin\Debug\ConsumeJson.dll
8/11/2018 2:55:57 PM, Info: Creating Archive C:\Users\alaiacano\Documents\Visual Studio 2008\Projects\ConsumeJson\ConsumeJson\bin\Debug\ConsumeJson.clz...
8/11/2018 2:55:57 PM, Info: Saving project information...
8/11/2018 2:59:14 PM, Info: Validating assembly C:\Users\alaiacano\Documents\Visual Studio 2008\Projects\ConsumeJson\ConsumeJson\bin\Debug\ConsumeJson.dll...
8/11/2018 2:59:15 PM, Info: Verifying assembly C:\Users\alaiacano\Documents\Visual Studio 2008\Projects\ConsumeJson\ConsumeJson\bin\Debug\ConsumeJson.dll
8/11/2018 2:59:15 PM, Info: Creating Archive C:\Users\alaiacano\Documents\Visual Studio 2008\Projects\ConsumeJson\ConsumeJson\bin\Debug\ConsumeJson.clz...
8/11/2018 2:59:15 PM, Info: Saving project information...
8/11/2018 3:21:04 PM, Info: Validating assembly C:\Users\alaiacano\Documents\Visual Studio 2008\Projects\ConsumeJson\ConsumeJson\bin\Debug\ConsumeJson.dll...
8/11/2018 3:21:04 PM, Info: Verifying assembly C:\Users\alaiacano\Documents\Visual Studio 2008\Projects\ConsumeJson\ConsumeJson\bin\Debug\ConsumeJson.dll
8/11/2018 3:21:04 PM, Info: Creating Archive C:\Users\alaiacano\Documents\Visual Studio 2008\Projects\ConsumeJson\ConsumeJson\bin\Debug\ConsumeJson.clz...
8/11/2018 3:21:05 PM, Info: Saving project information...
8/11/2018 3:21:09 PM, Info: Validating assembly C:\Users\alaiacano\Documents\Visual Studio 2008\Projects\ConsumeJson\ConsumeJson\bin\Debug\ConsumeJson.dll...
8/11/2018 3:21:09 PM, Info: Verifying assembly C:\Users\alaiacano\Documents\Visual Studio 2008\Projects\ConsumeJson\ConsumeJson\bin\Debug\ConsumeJson.dll
8/11/2018 3:21:09 PM, Info: Creating Archive C:\Users\alaiacano\Documents\Visual Studio 2008\Projects\ConsumeJson\ConsumeJson\bin\Debug\ConsumeJson.clz...
8/11/2018 3:21:09 PM, Info: Saving project information...
8/11/2018 3:35:57 PM, Info: Validating assembly C:\Users\alaiacano\Documents\Visual Studio 2008\Projects\ConsumeJson\ConsumeJson\bin\Debug\ConsumeJson.dll...
8/11/2018 3:35:57 PM, Info: Verifying assembly C:\Users\alaiacano\Documents\Visual Studio 2008\Projects\ConsumeJson\ConsumeJson\bin\Debug\ConsumeJson.dll
8/11/2018 3:35:57 PM, Info: Creating Archive C:\Users\alaiacano\Documents\Visual Studio 2008\Projects\ConsumeJson\ConsumeJson\bin\Debug\ConsumeJson.clz...
8/11/2018 3:35:58 PM, Info: Saving project information...
8/11/2018 3:50:02 PM, Info: Validating assembly C:\Users\alaiacano\Documents\Visual Studio 2008\Projects\ConsumeJson\ConsumeJson\bin\Debug\ConsumeJson.dll...
8/11/2018 3:50:03 PM, Info: Verifying assembly C:\Users\alaiacano\Documents\Visual Studio 2008\Projects\ConsumeJson\ConsumeJson\bin\Debug\ConsumeJson.dll
8/11/2018 3:50:03 PM, Info: Creating Archive C:\Users\alaiacano\Documents\Visual Studio 2008\Projects\ConsumeJson\ConsumeJson\bin\Debug\ConsumeJson.clz...
8/11/2018 3:50:03 PM, Info: Saving project information...
8/12/2018 9:32:29 AM, Info: Validating assembly C:\Users\alaiacano\Documents\Visual Studio 2008\Projects\ConsumeJson\ConsumeJson\bin\Debug\ConsumeJson.dll...
8/12/2018 9:32:29 AM, Info: Verifying assembly C:\Users\alaiacano\Documents\Visual Studio 2008\Projects\ConsumeJson\ConsumeJson\bin\Debug\ConsumeJson.dll
8/12/2018 9:32:29 AM, Info: Creating Archive C:\Users\alaiacano\Documents\Visual Studio 2008\Projects\ConsumeJson\ConsumeJson\bin\Debug\ConsumeJson.clz...
8/12/2018 9:32:29 AM, Info: Saving project information...
8/12/2018 9:57:56 AM, Info: Validating assembly C:\Users\alaiacano\Documents\Visual Studio 2008\Projects\ConsumeJson\ConsumeJson\bin\Debug\ConsumeJson.dll...
8/12/2018 9:57:56 AM, Info: Verifying assembly C:\Users\alaiacano\Documents\Visual Studio 2008\Projects\ConsumeJson\ConsumeJson\bin\Debug\ConsumeJson.dll
8/12/2018 9:57:56 AM, Info: Creating Archive C:\Users\alaiacano\Documents\Visual Studio 2008\Projects\ConsumeJson\ConsumeJson\bin\Debug\ConsumeJson.clz...
8/12/2018 9:57:57 AM, Info: Saving project information...
8/12/2018 10:09:27 AM, Info: Validating assembly C:\Users\alaiacano\Documents\Visual Studio 2008\Projects\ConsumeJson\ConsumeJson\bin\Debug\ConsumeJson.dll...
8/12/2018 10:09:27 AM, Info: Verifying assembly C:\Users\alaiacano\Documents\Visual Studio 2008\Projects\ConsumeJson\ConsumeJson\bin\Debug\ConsumeJson.dll
8/12/2018 10:09:27 AM, Info: Creating Archive C:\Users\alaiacano\Documents\Visual Studio 2008\Projects\ConsumeJson\ConsumeJson\bin\Debug\ConsumeJson.clz...
8/12/2018 10:09:28 AM, Info: Saving project information...
8/12/2018 11:20:33 AM, Info: Validating assembly C:\Users\alaiacano\Documents\Visual Studio 2008\Projects\ConsumeJson\ConsumeJson\bin\Debug\ConsumeJson.dll...
8/12/2018 11:20:33 AM, Info: Verifying assembly C:\Users\alaiacano\Documents\Visual Studio 2008\Projects\ConsumeJson\ConsumeJson\bin\Debug\ConsumeJson.dll
8/12/2018 11:20:33 AM, Info: Creating Archive C:\Users\alaiacano\Documents\Visual Studio 2008\Projects\ConsumeJson\ConsumeJson\bin\Debug\ConsumeJson.clz...
8/12/2018 11:20:34 AM, Info: Saving project information...
8/12/2018 11:23:09 AM, Info: Validating assembly C:\Users\alaiacano\Documents\Visual Studio 2008\Projects\ConsumeJson\ConsumeJson\bin\Debug\ConsumeJson.dll...
8/12/2018 11:23:09 AM, Info: Verifying assembly C:\Users\alaiacano\Documents\Visual Studio 2008\Projects\ConsumeJson\ConsumeJson\bin\Debug\ConsumeJson.dll
8/12/2018 11:23:10 AM, Info: Creating Archive C:\Users\alaiacano\Documents\Visual Studio 2008\Projects\ConsumeJson\ConsumeJson\bin\Debug\ConsumeJson.clz...
8/12/2018 11:23:10 AM, Info: Saving project information...
8/12/2018 11:37:58 AM, Info: Validating assembly C:\Users\alaiacano\Documents\Visual Studio 2008\Projects\ConsumeJson\ConsumeJson\bin\Debug\ConsumeJson.dll...
8/12/2018 11:37:58 AM, Info: Verifying assembly C:\Users\alaiacano\Documents\Visual Studio 2008\Projects\ConsumeJson\ConsumeJson\bin\Debug\ConsumeJson.dll
8/12/2018 11:37:58 AM, Info: Creating Archive C:\Users\alaiacano\Documents\Visual Studio 2008\Projects\ConsumeJson\ConsumeJson\bin\Debug\ConsumeJson.clz...
8/12/2018 11:37:58 AM, Info: Saving project information...
8/12/2018 12:14:04 PM, Info: Validating assembly C:\Users\alaiacano\Documents\Visual Studio 2008\Projects\ConsumeJson\ConsumeJson\bin\Debug\ConsumeJson.dll...
8/12/2018 12:14:04 PM, Info: Verifying assembly C:\Users\alaiacano\Documents\Visual Studio 2008\Projects\ConsumeJson\ConsumeJson\bin\Debug\ConsumeJson.dll
8/12/2018 12:14:04 PM, Info: Creating Archive C:\Users\alaiacano\Documents\Visual Studio 2008\Projects\ConsumeJson\ConsumeJson\bin\Debug\ConsumeJson.clz...
8/12/2018 12:14:05 PM, Info: Saving project information...
8/12/2018 1:14:27 PM, Info: Validating assembly C:\Users\alaiacano\Documents\Visual Studio 2008\Projects\ConsumeJson\ConsumeJson\bin\Debug\ConsumeJson.dll...
8/12/2018 1:14:27 PM, Info: Verifying assembly C:\Users\alaiacano\Documents\Visual Studio 2008\Projects\ConsumeJson\ConsumeJson\bin\Debug\ConsumeJson.dll
8/12/2018 1:14:27 PM, Info: Creating Archive C:\Users\alaiacano\Documents\Visual Studio 2008\Projects\ConsumeJson\ConsumeJson\bin\Debug\ConsumeJson.clz...
8/12/2018 1:14:28 PM, Info: Saving project information...
8/12/2018 1:40:22 PM, Info: Validating assembly C:\Users\alaiacano\Documents\Visual Studio 2008\Projects\ConsumeJson\ConsumeJson\bin\Debug\ConsumeJson.dll...
8/12/2018 1:40:22 PM, Info: Verifying assembly C:\Users\alaiacano\Documents\Visual Studio 2008\Projects\ConsumeJson\ConsumeJson\bin\Debug\ConsumeJson.dll
8/12/2018 1:40:22 PM, Info: Creating Archive C:\Users\alaiacano\Documents\Visual Studio 2008\Projects\ConsumeJson\ConsumeJson\bin\Debug\ConsumeJson.clz...
8/12/2018 1:40:23 PM, Info: Saving project information...
8/12/2018 1:45:19 PM, Info: Validating assembly C:\Users\alaiacano\Documents\Visual Studio 2008\Projects\ConsumeJson\ConsumeJson\bin\Debug\ConsumeJson.dll...
8/12/2018 1:45:19 PM, Info: Verifying assembly C:\Users\alaiacano\Documents\Visual Studio 2008\Projects\ConsumeJson\ConsumeJson\bin\Debug\ConsumeJson.dll
8/12/2018 1:45:19 PM, Info: Creating Archive C:\Users\alaiacano\Documents\Visual Studio 2008\Projects\ConsumeJson\ConsumeJson\bin\Debug\ConsumeJson.clz...
8/12/2018 1:45:19 PM, Info: Saving project information...
8/12/2018 1:50:09 PM, Info: Validating assembly C:\Users\alaiacano\Documents\Visual Studio 2008\Projects\ConsumeJson\ConsumeJson\bin\Debug\ConsumeJson.dll...
8/12/2018 1:50:09 PM, Info: Verifying assembly C:\Users\alaiacano\Documents\Visual Studio 2008\Projects\ConsumeJson\ConsumeJson\bin\Debug\ConsumeJson.dll
8/12/2018 1:50:09 PM, Info: Creating Archive C:\Users\alaiacano\Documents\Visual Studio 2008\Projects\ConsumeJson\ConsumeJson\bin\Debug\ConsumeJson.clz...
8/12/2018 1:50:10 PM, Info: Saving project information...
8/12/2018 1:50:25 PM, Info: Validating assembly C:\Users\alaiacano\Documents\Visual Studio 2008\Projects\ConsumeJson\ConsumeJson\bin\Debug\ConsumeJson.dll...
8/12/2018 1:50:25 PM, Info: Verifying assembly C:\Users\alaiacano\Documents\Visual Studio 2008\Projects\ConsumeJson\ConsumeJson\bin\Debug\ConsumeJson.dll
8/12/2018 1:50:25 PM, Info: Creating Archive C:\Users\alaiacano\Documents\Visual Studio 2008\Projects\ConsumeJson\ConsumeJson\bin\Debug\ConsumeJson.clz...
8/12/2018 1:50:26 PM, Info: Saving project information...
8/12/2018 2:48:18 PM, Info: Validating assembly C:\Users\alaiacano\Documents\Visual Studio 2008\Projects\ConsumeJson\ConsumeJson\bin\Debug\ConsumeJson.dll...
8/12/2018 2:48:18 PM, Info: Verifying assembly C:\Users\alaiacano\Documents\Visual Studio 2008\Projects\ConsumeJson\ConsumeJson\bin\Debug\ConsumeJson.dll
8/12/2018 2:48:18 PM, Info: Creating Archive C:\Users\alaiacano\Documents\Visual Studio 2008\Projects\ConsumeJson\ConsumeJson\bin\Debug\ConsumeJson.clz...
8/12/2018 2:48:19 PM, Info: Saving project information...
8/12/2018 2:49:05 PM, Info: Validating assembly C:\Users\alaiacano\Documents\Visual Studio 2008\Projects\ConsumeJson\ConsumeJson\bin\Debug\ConsumeJson.dll...
8/12/2018 2:49:05 PM, Info: Verifying assembly C:\Users\alaiacano\Documents\Visual Studio 2008\Projects\ConsumeJson\ConsumeJson\bin\Debug\ConsumeJson.dll
8/12/2018 2:49:05 PM, Info: Creating Archive C:\Users\alaiacano\Documents\Visual Studio 2008\Projects\ConsumeJson\ConsumeJson\bin\Debug\ConsumeJson.clz...
8/12/2018 2:49:06 PM, Info: Saving project information...
8/12/2018 3:15:35 PM, Info: Validating assembly C:\Users\alaiacano\Documents\Visual Studio 2008\Projects\ConsumeJson\ConsumeJson\bin\Debug\ConsumeJson.dll...
8/12/2018 3:15:35 PM, Info: Verifying assembly C:\Users\alaiacano\Documents\Visual Studio 2008\Projects\ConsumeJson\ConsumeJson\bin\Debug\ConsumeJson.dll
8/12/2018 3:15:35 PM, Info: Creating Archive C:\Users\alaiacano\Documents\Visual Studio 2008\Projects\ConsumeJson\ConsumeJson\bin\Debug\ConsumeJson.clz...
8/12/2018 3:15:35 PM, Info: Saving project information...
8/12/2018 3:20:22 PM, Info: Validating assembly C:\Users\alaiacano\Documents\Visual Studio 2008\Projects\ConsumeJson\ConsumeJson\bin\Debug\ConsumeJson.dll...
8/12/2018 3:20:22 PM, Info: Verifying assembly C:\Users\alaiacano\Documents\Visual Studio 2008\Projects\ConsumeJson\ConsumeJson\bin\Debug\ConsumeJson.dll
8/12/2018 3:20:22 PM, Info: Creating Archive C:\Users\alaiacano\Documents\Visual Studio 2008\Projects\ConsumeJson\ConsumeJson\bin\Debug\ConsumeJson.clz...
8/12/2018 3:20:22 PM, Info: Saving project information...
8/12/2018 3:48:42 PM, Info: Validating assembly C:\Users\alaiacano\Documents\Visual Studio 2008\Projects\ConsumeJson\ConsumeJson\bin\Debug\ConsumeJson.dll...
8/12/2018 3:48:42 PM, Info: Verifying assembly C:\Users\alaiacano\Documents\Visual Studio 2008\Projects\ConsumeJson\ConsumeJson\bin\Debug\ConsumeJson.dll
8/12/2018 3:48:42 PM, Info: Creating Archive C:\Users\alaiacano\Documents\Visual Studio 2008\Projects\ConsumeJson\ConsumeJson\bin\Debug\ConsumeJson.clz...
8/12/2018 3:48:42 PM, Info: Saving project information...
8/12/2018 4:12:58 PM, Info: Validating assembly C:\Users\alaiacano\Documents\Visual Studio 2008\Projects\ConsumeJson\ConsumeJson\bin\Debug\ConsumeJson.dll...
8/12/2018 4:12:58 PM, Info: Verifying assembly C:\Users\alaiacano\Documents\Visual Studio 2008\Projects\ConsumeJson\ConsumeJson\bin\Debug\ConsumeJson.dll
8/12/2018 4:12:58 PM, Info: Creating Archive C:\Users\alaiacano\Documents\Visual Studio 2008\Projects\ConsumeJson\ConsumeJson\bin\Debug\ConsumeJson.clz...
8/12/2018 4:12:58 PM, Info: Saving project information...
8/12/2018 4:29:30 PM, Info: Validating assembly C:\Users\alaiacano\Documents\Visual Studio 2008\Projects\ConsumeJson\ConsumeJson\bin\Debug\ConsumeJson.dll...
8/12/2018 4:29:30 PM, Info: Verifying assembly C:\Users\alaiacano\Documents\Visual Studio 2008\Projects\ConsumeJson\ConsumeJson\bin\Debug\ConsumeJson.dll
8/12/2018 4:29:30 PM, Info: Creating Archive C:\Users\alaiacano\Documents\Visual Studio 2008\Projects\ConsumeJson\ConsumeJson\bin\Debug\ConsumeJson.clz...
8/12/2018 4:29:31 PM, Info: Saving project information...
8/12/2018 4:49:30 PM, Info: Validating assembly C:\Users\alaiacano\Documents\Visual Studio 2008\Projects\ConsumeJson\ConsumeJson\bin\Debug\ConsumeJson.dll...
8/12/2018 4:49:30 PM, Info: Verifying assembly C:\Users\alaiacano\Documents\Visual Studio 2008\Projects\ConsumeJson\ConsumeJson\bin\Debug\ConsumeJson.dll
8/12/2018 4:49:30 PM, Info: Creating Archive C:\Users\alaiacano\Documents\Visual Studio 2008\Projects\ConsumeJson\ConsumeJson\bin\Debug\ConsumeJson.clz...
8/12/2018 4:49:30 PM, Info: Saving project information...
8/12/2018 4:56:38 PM, Info: Validating assembly C:\Users\alaiacano\Documents\Visual Studio 2008\Projects\ConsumeJson\ConsumeJson\bin\Debug\ConsumeJson.dll...
8/12/2018 4:56:38 PM, Info: Verifying assembly C:\Users\alaiacano\Documents\Visual Studio 2008\Projects\ConsumeJson\ConsumeJson\bin\Debug\ConsumeJson.dll
8/12/2018 4:56:38 PM, Info: Creating Archive C:\Users\alaiacano\Documents\Visual Studio 2008\Projects\ConsumeJson\ConsumeJson\bin\Debug\ConsumeJson.clz...
8/12/2018 4:56:39 PM, Info: Saving project information...
8/12/2018 6:11:17 PM, Info: Validating assembly C:\Users\alaiacano\Documents\Visual Studio 2008\Projects\ConsumeJson\ConsumeJson\bin\Debug\ConsumeJson.dll...
8/12/2018 6:11:17 PM, Info: Verifying assembly C:\Users\alaiacano\Documents\Visual Studio 2008\Projects\ConsumeJson\ConsumeJson\bin\Debug\ConsumeJson.dll
8/12/2018 6:11:18 PM, Info: Creating Archive C:\Users\alaiacano\Documents\Visual Studio 2008\Projects\ConsumeJson\ConsumeJson\bin\Debug\ConsumeJson.clz...
8/12/2018 6:11:18 PM, Info: Saving project information...
8/12/2018 6:18:14 PM, Info: Validating assembly C:\Users\alaiacano\Documents\Visual Studio 2008\Projects\ConsumeJson\ConsumeJson\bin\Debug\ConsumeJson.dll...
8/12/2018 6:18:14 PM, Info: Verifying assembly C:\Users\alaiacano\Documents\Visual Studio 2008\Projects\ConsumeJson\ConsumeJson\bin\Debug\ConsumeJson.dll
8/12/2018 6:18:14 PM, Info: Creating Archive C:\Users\alaiacano\Documents\Visual Studio 2008\Projects\ConsumeJson\ConsumeJson\bin\Debug\ConsumeJson.clz...
8/12/2018 6:18:14 PM, Info: Saving project information...
8/12/2018 6:36:36 PM, Info: Validating assembly C:\Users\alaiacano\Documents\Visual Studio 2008\Projects\ConsumeJson\ConsumeJson\bin\Debug\ConsumeJson.dll...
8/12/2018 6:36:36 PM, Info: Verifying assembly C:\Users\alaiacano\Documents\Visual Studio 2008\Projects\ConsumeJson\ConsumeJson\bin\Debug\ConsumeJson.dll
8/12/2018 6:36:36 PM, Info: Creating Archive C:\Users\alaiacano\Documents\Visual Studio 2008\Projects\ConsumeJson\ConsumeJson\bin\Debug\ConsumeJson.clz...
8/12/2018 6:36:36 PM, Info: Saving project information...
8/12/2018 7:00:53 PM, Info: Saving project information...
8/12/2018 7:00:53 PM, Info: Saving project information...
8/12/2018 7:00:53 PM, Info: Saving project information...
8/12/2018 7:05:53 PM, Info: Saving project information...
8/12/2018 7:05:53 PM, Info: Saving project information...
8/12/2018 7:05:53 PM, Info: Saving project information...
8/12/2018 7:10:53 PM, Info: Saving project information...
8/12/2018 7:10:53 PM, Info: Saving project information...
8/12/2018 7:10:53 PM, Info: Saving project information...
8/12/2018 7:15:53 PM, Info: Saving project information...
8/12/2018 7:15:53 PM, Info: Saving project information...
8/12/2018 7:15:53 PM, Info: Saving project information...
8/12/2018 7:20:53 PM, Info: Saving project information...
8/12/2018 7:20:53 PM, Info: Saving project information...
8/12/2018 7:20:53 PM, Info: Saving project information...
8/12/2018 7:25:53 PM, Info: Saving project information...
8/12/2018 7:25:53 PM, Info: Saving project information...
8/12/2018 7:25:53 PM, Info: Saving project information...
8/12/2018 7:30:53 PM, Info: Saving project information...
8/12/2018 7:30:53 PM, Info: Saving project information...
8/12/2018 7:30:53 PM, Info: Saving project information...
8/12/2018 7:35:53 PM, Info: Saving project information...
8/12/2018 7:35:53 PM, Info: Saving project information...
8/12/2018 7:35:53 PM, Info: Saving project information...
8/12/2018 7:40:53 PM, Info: Saving project information...
8/12/2018 7:40:53 PM, Info: Saving project information...
8/12/2018 7:40:53 PM, Info: Saving project information...
8/12/2018 7:45:53 PM, Info: Saving project information...
8/12/2018 7:45:53 PM, Info: Saving project information...
8/12/2018 7:45:53 PM, Info: Saving project information...
8/12/2018 7:50:53 PM, Info: Saving project information...
8/12/2018 7:50:53 PM, Info: Saving project information...
8/12/2018 7:50:53 PM, Info: Saving project information...
8/12/2018 7:55:53 PM, Info: Saving project information...
8/12/2018 7:55:53 PM, Info: Saving project information...
8/12/2018 7:55:53 PM, Info: Saving project information...
8/12/2018 8:00:53 PM, Info: Saving project information...
8/12/2018 8:00:53 PM, Info: Saving project information...
8/12/2018 8:00:53 PM, Info: Saving project information...
8/12/2018 8:05:53 PM, Info: Saving project information...
8/12/2018 8:05:53 PM, Info: Saving project information...
8/12/2018 8:05:53 PM, Info: Saving project information...
8/12/2018 8:08:43 PM, Info: Saving project information...
8/12/2018 8:08:43 PM, Info: Saving project information...
8/12/2018 8:08:43 PM, Info: Saving project information...
8/12/2018 8:08:43 PM, Info: Saving project information...
8/12/2018 8:08:43 PM, Info: Saving project information...
8/12/2018 8:08:43 PM, Info: Saving project information...
8/12/2018 8:08:44 PM, Info: Validating assembly C:\Users\alaiacano\Documents\Visual Studio 2008\Projects\ConsumeJson\ConsumeJson\bin\Debug\ConsumeJson.dll...
8/12/2018 8:08:44 PM, Info: Verifying assembly C:\Users\alaiacano\Documents\Visual Studio 2008\Projects\ConsumeJson\ConsumeJson\bin\Debug\ConsumeJson.dll
8/12/2018 8:08:44 PM, Info: Creating Archive C:\Users\alaiacano\Documents\Visual Studio 2008\Projects\ConsumeJson\ConsumeJson\bin\Debug\ConsumeJson.clz...
8/12/2018 8:08:45 PM, Info: Saving project information...
8/12/2018 8:15:43 PM, Info: Validating assembly C:\Users\alaiacano\Documents\Visual Studio 2008\Projects\ConsumeJson\ConsumeJson\bin\Debug\ConsumeJson.dll...
8/12/2018 8:15:43 PM, Info: Verifying assembly C:\Users\alaiacano\Documents\Visual Studio 2008\Projects\ConsumeJson\ConsumeJson\bin\Debug\ConsumeJson.dll
8/12/2018 8:15:43 PM, Info: Creating Archive C:\Users\alaiacano\Documents\Visual Studio 2008\Projects\ConsumeJson\ConsumeJson\bin\Debug\ConsumeJson.clz...
8/12/2018 8:15:43 PM, Info: Saving project information...
8/12/2018 8:46:54 PM, Info: Validating assembly C:\Users\alaiacano\Documents\Visual Studio 2008\Projects\ConsumeJson\ConsumeJson\bin\Debug\ConsumeJson.dll...
8/12/2018 8:46:54 PM, Info: Verifying assembly C:\Users\alaiacano\Documents\Visual Studio 2008\Projects\ConsumeJson\ConsumeJson\bin\Debug\ConsumeJson.dll
8/12/2018 8:46:54 PM, Info: Creating Archive C:\Users\alaiacano\Documents\Visual Studio 2008\Projects\ConsumeJson\ConsumeJson\bin\Debug\ConsumeJson.clz...
8/12/2018 8:46:54 PM, Info: Saving project information...
8/12/2018 8:51:13 PM, Info: Validating assembly C:\Users\alaiacano\Documents\Visual Studio 2008\Projects\ConsumeJson\ConsumeJson\bin\Debug\ConsumeJson.dll...
8/12/2018 8:51:13 PM, Info: Verifying assembly C:\Users\alaiacano\Documents\Visual Studio 2008\Projects\ConsumeJson\ConsumeJson\bin\Debug\ConsumeJson.dll
8/12/2018 8:51:13 PM, Info: Creating Archive C:\Users\alaiacano\Documents\Visual Studio 2008\Projects\ConsumeJson\ConsumeJson\bin\Debug\ConsumeJson.clz...
8/12/2018 8:51:13 PM, Info: Saving project information...
8/12/2018 9:04:10 PM, Info: Validating assembly C:\Users\alaiacano\Documents\Visual Studio 2008\Projects\ConsumeJson\ConsumeJson\bin\Debug\ConsumeJson.dll...
8/12/2018 9:04:10 PM, Info: Verifying assembly C:\Users\alaiacano\Documents\Visual Studio 2008\Projects\ConsumeJson\ConsumeJson\bin\Debug\ConsumeJson.dll
8/12/2018 9:04:10 PM, Info: Creating Archive C:\Users\alaiacano\Documents\Visual Studio 2008\Projects\ConsumeJson\ConsumeJson\bin\Debug\ConsumeJson.clz...
8/12/2018 9:04:10 PM, Info: Saving project information...
8/12/2018 9:09:37 PM, Info: Validating assembly C:\Users\alaiacano\Documents\Visual Studio 2008\Projects\ConsumeJson\ConsumeJson\bin\Debug\ConsumeJson.dll...
8/12/2018 9:09:37 PM, Info: Verifying assembly C:\Users\alaiacano\Documents\Visual Studio 2008\Projects\ConsumeJson\ConsumeJson\bin\Debug\ConsumeJson.dll
8/12/2018 9:09:37 PM, Info: Creating Archive C:\Users\alaiacano\Documents\Visual Studio 2008\Projects\ConsumeJson\ConsumeJson\bin\Debug\ConsumeJson.clz...
8/12/2018 9:09:37 PM, Info: Saving project information...
8/12/2018 9:31:44 PM, Info: Validating assembly C:\Users\alaiacano\Documents\Visual Studio 2008\Projects\ConsumeJson\ConsumeJson\bin\Debug\ConsumeJson.dll...
8/12/2018 9:31:44 PM, Info: Verifying assembly C:\Users\alaiacano\Documents\Visual Studio 2008\Projects\ConsumeJson\ConsumeJson\bin\Debug\ConsumeJson.dll
8/12/2018 9:31:44 PM, Info: Creating Archive C:\Users\alaiacano\Documents\Visual Studio 2008\Projects\ConsumeJson\ConsumeJson\bin\Debug\ConsumeJson.clz...
8/12/2018 9:31:45 PM, Info: Saving project information...
8/12/2018 9:36:33 PM, Info: Validating assembly C:\Users\alaiacano\Documents\Visual Studio 2008\Projects\ConsumeJson\ConsumeJson\bin\Debug\ConsumeJson.dll...
8/12/2018 9:36:33 PM, Info: Verifying assembly C:\Users\alaiacano\Documents\Visual Studio 2008\Projects\ConsumeJson\ConsumeJson\bin\Debug\ConsumeJson.dll
8/12/2018 9:36:33 PM, Info: Creating Archive C:\Users\alaiacano\Documents\Visual Studio 2008\Projects\ConsumeJson\ConsumeJson\bin\Debug\ConsumeJson.clz...
8/12/2018 9:36:34 PM, Info: Saving project information...
8/12/2018 9:41:31 PM, Info: Validating assembly C:\Users\alaiacano\Documents\Visual Studio 2008\Projects\ConsumeJson\ConsumeJson\bin\Debug\ConsumeJson.dll...
8/12/2018 9:41:31 PM, Info: Verifying assembly C:\Users\alaiacano\Documents\Visual Studio 2008\Projects\ConsumeJson\ConsumeJson\bin\Debug\ConsumeJson.dll
8/12/2018 9:41:31 PM, Info: Creating Archive C:\Users\alaiacano\Documents\Visual Studio 2008\Projects\ConsumeJson\ConsumeJson\bin\Debug\ConsumeJson.clz...
8/12/2018 9:41:31 PM, Info: Saving project information...
8/12/2018 9:56:17 PM, Info: Validating assembly C:\Users\alaiacano\Documents\Visual Studio 2008\Projects\ConsumeJson\ConsumeJson\bin\Debug\ConsumeJson.dll...
8/12/2018 9:56:17 PM, Info: Verifying assembly C:\Users\alaiacano\Documents\Visual Studio 2008\Projects\ConsumeJson\ConsumeJson\bin\Debug\ConsumeJson.dll
8/12/2018 9:56:17 PM, Info: Creating Archive C:\Users\alaiacano\Documents\Visual Studio 2008\Projects\ConsumeJson\ConsumeJson\bin\Debug\ConsumeJson.clz...
8/12/2018 9:56:17 PM, Info: Saving project information...
8/13/2018 10:43:15 AM, Info: Validating assembly C:\Users\alaiacano\Documents\Visual Studio 2008\Projects\ConsumeJson\ConsumeJson\bin\Debug\ConsumeJson.dll...
8/13/2018 10:43:16 AM, Info: Verifying assembly C:\Users\alaiacano\Documents\Visual Studio 2008\Projects\ConsumeJson\ConsumeJson\bin\Debug\ConsumeJson.dll
8/13/2018 10:43:16 AM, Info: Creating Archive C:\Users\alaiacano\Documents\Visual Studio 2008\Projects\ConsumeJson\ConsumeJson\bin\Debug\ConsumeJson.clz...
8/13/2018 10:43:16 AM, Info: Saving project information...
8/13/2018 10:47:32 AM, Info: Validating assembly C:\Users\alaiacano\Documents\Visual Studio 2008\Projects\ConsumeJson\ConsumeJson\bin\Debug\ConsumeJson.dll...
8/13/2018 10:47:32 AM, Info: Verifying assembly C:\Users\alaiacano\Documents\Visual Studio 2008\Projects\ConsumeJson\ConsumeJson\bin\Debug\ConsumeJson.dll
8/13/2018 10:47:32 AM, Info: Creating Archive C:\Users\alaiacano\Documents\Visual Studio 2008\Projects\ConsumeJson\ConsumeJson\bin\Debug\ConsumeJson.clz...
8/13/2018 10:47:32 AM, Info: Saving project information...
8/13/2018 11:19:01 AM, Info: Validating assembly C:\Users\alaiacano\Documents\Visual Studio 2008\Projects\ConsumeJson\ConsumeJson\bin\Debug\ConsumeJson.dll...
8/13/2018 11:19:02 AM, Info: Verifying assembly C:\Users\alaiacano\Documents\Visual Studio 2008\Projects\ConsumeJson\ConsumeJson\bin\Debug\ConsumeJson.dll
8/13/2018 11:19:02 AM, Info: Creating Archive C:\Users\alaiacano\Documents\Visual Studio 2008\Projects\ConsumeJson\ConsumeJson\bin\Debug\ConsumeJson.clz...
8/13/2018 11:19:02 AM, Info: Saving project information...
8/14/2018 5:33:27 AM, Info: Terminating SIMPLSharp Services
